
> router5-transition-path@8.0.1 build
> tsup

CLI Building entry: modules/index.ts
CLI Using tsconfig: tsconfig.json
CLI tsup v8.4.0
CLI Using tsup config: /Users/olegivanov/WebstormProjects/router6/packages/router5-transition-path/tsup.config.ts
CLI Building entry: modules/index.ts
CLI Using tsconfig: tsconfig.json
CLI tsup v8.4.0
CLI Using tsup config: /Users/olegivanov/WebstormProjects/router6/packages/router5-transition-path/tsup.config.ts
CLI Target: esnext
CLI Target: esnext
CLI Cleaning output folder
CJS Build start
CLI Cleaning output folder
ESM Build start
CJS dist/cjs/index.js     1.60 KB
CJS dist/cjs/index.js.map 6.94 KB
CJS ⚡️ Build success in 62ms
ESM dist/esm/index.mjs     1.12 KB
ESM dist/esm/index.mjs.map 6.77 KB
ESM ⚡️ Build success in 61ms
DTS Build start
DTS ⚡️ Build success in 1417ms
DTS dist/esm/index.d.mts 748.00 B
