
> router5-plugin-logger@8.0.1 build
> tsup

CLI Building entry: modules/index.ts
CLI Using tsconfig: tsconfig.json
CLI tsup v8.4.0
CLI Using tsup config: /Users/olegivanov/WebstormProjects/router6/packages/router5-plugin-logger/tsup.config.ts
CLI Building entry: modules/index.ts
CLI Using tsconfig: tsconfig.json
CLI tsup v8.4.0
CLI Using tsup config: /Users/olegivanov/WebstormProjects/router6/packages/router5-plugin-logger/tsup.config.ts
CLI Target: esnext
CLI Target: esnext
CLI Cleaning output folder
ESM Build start
CLI Cleaning output folder
CJS Build start
ESM dist/esm/index.mjs     675.00 B
ESM dist/esm/index.mjs.map 2.11 KB
ESM ⚡️ Build success in 36ms
CJS dist/cjs/index.js     1.09 KB
CJS dist/cjs/index.js.map 2.21 KB
CJS ⚡️ Build success in 33ms
DTS Build start
DTS ⚡️ Build success in 1552ms
DTS dist/esm/index.d.mts 122.00 B
