
> react-router5@8.0.1 build
> tsup

CLI Building entry: modules/index.ts
CLI Using tsconfig: tsconfig.json
CLI tsup v8.4.0
CLI Using tsup config: /Users/olegivanov/WebstormProjects/router6/packages/react-router5/tsup.config.ts
CLI Building entry: modules/index.ts
CLI Using tsconfig: tsconfig.json
CLI tsup v8.4.0
CLI Using tsup config: /Users/olegivanov/WebstormProjects/router6/packages/react-router5/tsup.config.ts
CLI Target: esnext
CLI Target: esnext
CLI Cleaning output folder
ESM Build start
CLI Cleaning output folder
CJS Build start
ESM dist/esm/index.mjs     3.08 KB
ESM dist/esm/index.mjs.map 13.38 KB
ESM ⚡️ Build success in 76ms
CJS dist/cjs/index.js     3.86 KB
CJS dist/cjs/index.js.map 13.62 KB
CJS ⚡️ Build success in 79ms
DTS Build start
DTS ⚡️ Build success in 1845ms
DTS dist/esm/index.d.mts 18.63 KB
