
> router5@8.0.1 build
> tsup

CLI Building entry: modules/index.ts
CLI Using tsconfig: tsconfig.json
CLI tsup v8.4.0
CLI Using tsup config: /Users/olegivanov/WebstormProjects/router6/packages/router5/tsup.config.ts
CLI Building entry: modules/index.ts
CLI Using tsconfig: tsconfig.json
CLI tsup v8.4.0
CLI Using tsup config: /Users/olegivanov/WebstormProjects/router6/packages/router5/tsup.config.ts
CLI Target: esnext
CLI Target: esnext
CLI Cleaning output folder
ESM Build start
CLI Cleaning output folder
CJS Build start
CJS dist/cjs/index.js     11.12 KB
CJS dist/cjs/index.js.map 55.46 KB
CJS ⚡️ Build success in 91ms
ESM dist/esm/index.mjs     10.38 KB
ESM dist/esm/index.mjs.map 55.20 KB
ESM ⚡️ Build success in 96ms
DTS Build start
DTS ⚡️ Build success in 1558ms
DTS dist/esm/index.d.mts 7.99 KB
