
> router5-plugin-browser@8.0.1 build
> tsup

CLI Building entry: modules/index.ts
CLI Using tsconfig: tsconfig.json
CLI tsup v8.4.0
CLI Using tsup config: /Users/olegivanov/WebstormProjects/router6/packages/router5-plugin-browser/tsup.config.ts
CLI Building entry: modules/index.ts
CLI Using tsconfig: tsconfig.json
CLI tsup v8.4.0
CLI Using tsup config: /Users/olegivanov/WebstormProjects/router6/packages/router5-plugin-browser/tsup.config.ts
CLI Target: esnext
CLI Target: esnext
CLI Cleaning output folder
ESM Build start
CLI Cleaning output folder
CJS Build start
ESM dist/esm/index.mjs     3.27 KB
ESM dist/esm/index.mjs.map 16.13 KB
ESM ⚡️ Build success in 65ms
CJS dist/cjs/index.js     3.69 KB
CJS dist/cjs/index.js.map 16.19 KB
CJS ⚡️ Build success in 66ms
DTS Build start
DTS ⚡️ Build success in 1631ms
DTS dist/esm/index.d.mts 1.14 KB
