
> router5-helpers@8.0.0 build
> tsup

CLI Building entry: modules/index.ts
CLI Using tsconfig: tsconfig.json
CLI tsup v8.4.0
CLI Using tsup config: /Users/olegivanov/WebstormProjects/router6/packages/router5-helpers/tsup.config.ts
CLI Building entry: modules/index.ts
CLI Using tsconfig: tsconfig.json
CLI tsup v8.4.0
CLI Using tsup config: /Users/olegivanov/WebstormProjects/router6/packages/router5-helpers/tsup.config.ts
CLI Target: esnext
CLI Target: esnext
CLI Cleaning output folder
ESM Build start
CLI Cleaning output folder
CJS Build start
CJS dist/cjs/index.js     863.00 B
CJS dist/cjs/index.js.map 2.34 KB
CJS ⚡️ Build success in 46ms
ESM dist/esm/index.mjs     349.00 B
ESM dist/esm/index.mjs.map 2.22 KB
ESM ⚡️ Build success in 49ms
DTS Build start
DTS ⚡️ Build success in 1296ms
DTS dist/esm/index.d.mts 521.00 B
